TN:
SF:app.js
FN:19,(anonymous_0)
FN:31,(anonymous_1)
FN:40,(anonymous_2)
FN:57,(anonymous_3)
FN:63,(anonymous_4)
FN:80,(anonymous_5)
FN:89,(anonymous_6)
FN:106,(anonymous_7)
FN:124,(anonymous_8)
FN:141,(anonymous_9)
FN:150,(anonymous_10)
FNF:11
FNH:5
FNDA:2,(anonymous_0)
FNDA:1,(anonymous_1)
FNDA:1,(anonymous_2)
FNDA:1,(anonymous_3)
FNDA:1,(anonymous_4)
FNDA:0,(anonymous_5)
FNDA:0,(anonymous_6)
FNDA:0,(anonymous_7)
FNDA:0,(anonymous_8)
FNDA:0,(anonymous_9)
FNDA:0,(anonymous_10)
DA:1,1
DA:2,1
DA:3,1
DA:4,1
DA:5,1
DA:6,1
DA:7,1
DA:10,1
DA:11,1
DA:16,1
DA:19,1
DA:21,2
DA:27,2
DA:31,1
DA:34,1
DA:37,1
DA:40,1
DA:43,1
DA:46,1
DA:49,1
DA:50,1
DA:57,1
DA:60,1
DA:63,1
DA:66,1
DA:69,1
DA:72,1
DA:73,1
DA:80,1
DA:83,0
DA:86,0
DA:89,0
DA:92,0
DA:95,0
DA:98,0
DA:99,0
DA:106,1
DA:109,0
DA:112,0
DA:114,0
DA:124,0
DA:127,0
DA:130,0
DA:133,0
DA:134,0
DA:141,1
DA:144,0
DA:147,0
DA:150,0
DA:153,0
DA:156,0
DA:159,0
DA:165,1
LF:53
LH:32
BRDA:43,0,0,0
BRDA:43,0,1,1
BRDA:66,1,0,0
BRDA:66,1,1,1
BRDA:92,2,0,0
BRDA:92,2,1,0
BRDA:127,3,0,0
BRDA:127,3,1,0
BRDA:153,4,0,0
BRDA:153,4,1,0
BRF:10
BRH:2
end_of_record
